2023-04-03 00:06:21.945560 - Initialized conversion of CBT409
2023-04-03 00:06:23.165473 - Received CBT.V504.FILE409.PDS from FILE409.XMI 
2023-04-03 00:06:23.168040 - Found $$$#DATE.txt (text/plain) in CBT.V504.FILE409.PDS, moved to PDS/$$$#DATE
2023-04-03 00:06:23.169375 - Found $$INDEX.txt (text/plain) in CBT.V504.FILE409.PDS, moved to PDS/$$INDEX
2023-04-03 00:06:23.170669 - Found $$README.txt (text/plain) in CBT.V504.FILE409.PDS, moved to PDS/$$README
2023-04-03 00:06:23.171823 - Found $$ZAPZ23.txt (text/plain) in CBT.V504.FILE409.PDS, moved to PDS/$$ZAPZ23
2023-04-03 00:06:23.172803 - Found $ASMCSV.txt (text/plain) in CBT.V504.FILE409.PDS, moved to PDS/$ASMCSV
2023-04-03 00:06:23.173827 - Found $ASMMENU.txt (text/plain) in CBT.V504.FILE409.PDS, moved to PDS/$ASMMENU
2023-04-03 00:06:23.174912 - Found $ASMOPT.txt (text/plain) in CBT.V504.FILE409.PDS, moved to PDS/$ASMOPT
2023-04-03 00:06:23.175866 - Found $ASMSEC.txt (text/plain) in CBT.V504.FILE409.PDS, moved to PDS/$ASMSEC
2023-04-03 00:06:23.176964 - Found $ASMSECX.txt (text/plain) in CBT.V504.FILE409.PDS, moved to PDS/$ASMSECX
2023-04-03 00:06:23.177993 - Found $ASMXPT.txt (text/plain) in CBT.V504.FILE409.PDS, moved to PDS/$ASMXPT
2023-04-03 00:06:23.179032 - Found $FAQ.txt (text/plain) in CBT.V504.FILE409.PDS, moved to PDS/$FAQ
2023-04-03 00:06:23.180235 - Found $GUIDE.txt (text/plain) in CBT.V504.FILE409.PDS, moved to PDS/$GUIDE
2023-04-03 00:06:23.181356 - Found $INSTALL.txt (text/plain) in CBT.V504.FILE409.PDS, moved to PDS/$INSTALL
2023-04-03 00:06:23.182384 - Found $INSTDB2.txt (text/plain) in CBT.V504.FILE409.PDS, moved to PDS/$INSTDB2
2023-04-03 00:06:23.183636 - Found $INSTJCL.txt (text/plain) in CBT.V504.FILE409.PDS, moved to PDS/$INSTJCL
2023-04-03 00:06:23.184840 - Found $INSTMEN.txt (text/plain) in CBT.V504.FILE409.PDS, moved to PDS/$INSTMEN
2023-04-03 00:06:23.185966 - Found $INSTOPT.txt (text/plain) in CBT.V504.FILE409.PDS, moved to PDS/$INSTOPT
2023-04-03 00:06:23.187164 - Found $INSTSEC.txt (text/plain) in CBT.V504.FILE409.PDS, moved to PDS/$INSTSEC
2023-04-03 00:06:23.188263 - Found $INSTSSI.txt (text/plain) in CBT.V504.FILE409.PDS, moved to PDS/$INSTSSI
2023-04-03 00:06:23.189459 - Found $INSTTCP.txt (text/plain) in CBT.V504.FILE409.PDS, moved to PDS/$INSTTCP
2023-04-03 00:06:23.190670 - Found $INSTXPT.txt (text/plain) in CBT.V504.FILE409.PDS, moved to PDS/$INSTXPT
2023-04-03 00:06:23.191695 - Found $IVP1.txt (text/plain) in CBT.V504.FILE409.PDS, moved to PDS/$IVP1
2023-04-03 00:06:23.192877 - Found $IVP2.txt (text/plain) in CBT.V504.FILE409.PDS, moved to PDS/$IVP2
2023-04-03 00:06:23.194020 - Found $LIBDEF.rexx (text/plain) in CBT.V504.FILE409.PDS, moved to PDS/$LIBDEF
2023-04-03 00:06:23.195415 - Found $MXIMSGS.txt (text/plain) in CBT.V504.FILE409.PDS, moved to PDS/$MXIMSGS
2023-04-03 00:06:23.196629 - Found $SECRACF.txt (text/plain) in CBT.V504.FILE409.PDS, moved to PDS/$SECRACF
2023-04-03 00:06:23.197970 - Found $STEPLIB.rexx (text/plain) in CBT.V504.FILE409.PDS, moved to PDS/$STEPLIB
2023-04-03 00:06:23.199285 - Found $SUPPORT.txt (text/plain) in CBT.V504.FILE409.PDS, moved to PDS/$SUPPORT
2023-04-03 00:06:23.200615 - Found @FILE409.txt (text/plain) in CBT.V504.FILE409.PDS, moved to PDS/@FILE409
2023-04-03 00:06:23.201757 - Found @FILE410.txt (text/plain) in CBT.V504.FILE409.PDS, moved to PDS/@FILE410
2023-04-03 00:06:23.203207 - Found CSVLLIX1.txt (text/plain) in CBT.V504.FILE409.PDS, moved to PDS/CSVLLIX1
2023-04-03 00:06:23.204365 - Found MXCOLOR.txt (text/plain) in CBT.V504.FILE409.PDS, moved to PDS/MXCOLOR
2023-04-03 00:06:23.205667 - Found MXCT.txt (text/plain) in CBT.V504.FILE409.PDS, moved to PDS/MXCT
2023-04-03 00:06:23.206958 - Found MXDT.txt (text/plain) in CBT.V504.FILE409.PDS, moved to PDS/MXDT
2023-04-03 00:06:23.208025 - Found MXIAUTH.txt (text/plain) in CBT.V504.FILE409.PDS, moved to PDS/MXIAUTH
2023-04-03 00:06:23.208038 - Found MXICMDS.bin containing application/octet-stream, moved to PDS/MXICMDS
2023-04-03 00:06:23.210800 - Found MXIGOPTS.txt (text/plain) in CBT.V504.FILE409.PDS, moved to PDS/MXIGOPTS
2023-04-03 00:06:23.211829 - Found MXIHAGRP.txt (text/plain) in CBT.V504.FILE409.PDS, moved to PDS/MXIHAGRP
2023-04-03 00:06:23.213096 - Found MXIHAPF.txt (text/plain) in CBT.V504.FILE409.PDS, moved to PDS/MXIHAPF
2023-04-03 00:06:23.214059 - Found MXIHASID.txt (text/plain) in CBT.V504.FILE409.PDS, moved to PDS/MXIHASID
2023-04-03 00:06:23.215091 - Found MXIHAUTO.txt (text/plain) in CBT.V504.FILE409.PDS, moved to PDS/MXIHAUTO
2023-04-03 00:06:23.216220 - Found MXIHCAT.txt (text/plain) in CBT.V504.FILE409.PDS, moved to PDS/MXIHCAT
2023-04-03 00:06:23.217390 - Found MXIHCA1.txt (text/plain) in CBT.V504.FILE409.PDS, moved to PDS/MXIHCA1
2023-04-03 00:06:23.218359 - Found MXIHCDE.txt (text/plain) in CBT.V504.FILE409.PDS, moved to PDS/MXIHCDE
2023-04-03 00:06:23.219430 - Found MXIHCDR.txt (text/plain) in CBT.V504.FILE409.PDS, moved to PDS/MXIHCDR
2023-04-03 00:06:23.220422 - Found MXIHCF.txt (text/plain) in CBT.V504.FILE409.PDS, moved to PDS/MXIHCF
2023-04-03 00:06:23.221383 - Found MXIHCHA.txt (text/plain) in CBT.V504.FILE409.PDS, moved to PDS/MXIHCHA
2023-04-03 00:06:23.222329 - Found MXIHCHP.txt (text/plain) in CBT.V504.FILE409.PDS, moved to PDS/MXIHCHP
2023-04-03 00:06:23.223280 - Found MXIHCON.txt (text/plain) in CBT.V504.FILE409.PDS, moved to PDS/MXIHCON
2023-04-03 00:06:23.224270 - Found MXIHCPF.txt (text/plain) in CBT.V504.FILE409.PDS, moved to PDS/MXIHCPF
2023-04-03 00:06:23.225823 - Found MXIHCPU.txt (text/plain) in CBT.V504.FILE409.PDS, moved to PDS/MXIHCPU
2023-04-03 00:06:23.227148 - Found MXIHCS.txt (text/plain) in CBT.V504.FILE409.PDS, moved to PDS/MXIHCS
2023-04-03 00:06:23.228523 - Found MXIHCSR.txt (text/plain) in CBT.V504.FILE409.PDS, moved to PDS/MXIHCSR
2023-04-03 00:06:23.229470 - Found MXIHDA.txt (text/plain) in CBT.V504.FILE409.PDS, moved to PDS/MXIHDA
2023-04-03 00:06:23.230427 - Found MXIHDAE.txt (text/plain) in CBT.V504.FILE409.PDS, moved to PDS/MXIHDAE
2023-04-03 00:06:23.231393 - Found MXIHDASD.txt (text/plain) in CBT.V504.FILE409.PDS, moved to PDS/MXIHDASD
2023-04-03 00:06:23.232614 - Found MXIHDB.txt (text/plain) in CBT.V504.FILE409.PDS, moved to PDS/MXIHDB
2023-04-03 00:06:23.233777 - Found MXIHDBBP.txt (text/plain) in CBT.V504.FILE409.PDS, moved to PDS/MXIHDBBP
2023-04-03 00:06:23.234746 - Found MXIHDBDA.txt (text/plain) in CBT.V504.FILE409.PDS, moved to PDS/MXIHDBDA
2023-04-03 00:06:23.235746 - Found MXIHDBEP.txt (text/plain) in CBT.V504.FILE409.PDS, moved to PDS/MXIHDBEP
2023-04-03 00:06:23.236665 - Found MXIHDBGP.txt (text/plain) in CBT.V504.FILE409.PDS, moved to PDS/MXIHDBGP
2023-04-03 00:06:23.237532 - Found MXIHDBLK.txt (text/plain) in CBT.V504.FILE409.PDS, moved to PDS/MXIHDBLK
2023-04-03 00:06:23.238370 - Found MXIHDBZP.txt (text/plain) in CBT.V504.FILE409.PDS, moved to PDS/MXIHDBZP
2023-04-03 00:06:23.239337 - Found MXIHDCLS.txt (text/plain) in CBT.V504.FILE409.PDS, moved to PDS/MXIHDCLS
2023-04-03 00:06:23.240168 - Found MXIHDDNS.txt (text/plain) in CBT.V504.FILE409.PDS, moved to PDS/MXIHDDNS
2023-04-03 00:06:23.241073 - Found MXIHDEV.txt (text/plain) in CBT.V504.FILE409.PDS, moved to PDS/MXIHDEV
2023-04-03 00:06:23.241948 - Found MXIHDS.txt (text/plain) in CBT.V504.FILE409.PDS, moved to PDS/MXIHDS
2023-04-03 00:06:23.242867 - Found MXIHDSP.txt (text/plain) in CBT.V504.FILE409.PDS, moved to PDS/MXIHDSP
2023-04-03 00:06:23.243815 - Found MXIHDYNX.txt (text/plain) in CBT.V504.FILE409.PDS, moved to PDS/MXIHDYNX
2023-04-03 00:06:23.245024 - Found MXIHEDT.txt (text/plain) in CBT.V504.FILE409.PDS, moved to PDS/MXIHEDT
2023-04-03 00:06:23.246104 - Found MXIHEMCS.txt (text/plain) in CBT.V504.FILE409.PDS, moved to PDS/MXIHEMCS
2023-04-03 00:06:23.247052 - Found MXIHENC.txt (text/plain) in CBT.V504.FILE409.PDS, moved to PDS/MXIHENC
2023-04-03 00:06:23.247979 - Found MXIHENQ.txt (text/plain) in CBT.V504.FILE409.PDS, moved to PDS/MXIHENQ
2023-04-03 00:06:23.249001 - Found MXIHENQC.txt (text/plain) in CBT.V504.FILE409.PDS, moved to PDS/MXIHENQC
2023-04-03 00:06:23.250052 - Found MXIHEXC.txt (text/plain) in CBT.V504.FILE409.PDS, moved to PDS/MXIHEXC
2023-04-03 00:06:23.251024 - Found MXIHFIND.txt (text/plain) in CBT.V504.FILE409.PDS, moved to PDS/MXIHFIND
2023-04-03 00:06:23.251937 - Found MXIHGQE.txt (text/plain) in CBT.V504.FILE409.PDS, moved to PDS/MXIHGQE
2023-04-03 00:06:23.252879 - Found MXIHGRS.txt (text/plain) in CBT.V504.FILE409.PDS, moved to PDS/MXIHGRS
2023-04-03 00:06:23.254111 - Found MXIHHFS.txt (text/plain) in CBT.V504.FILE409.PDS, moved to PDS/MXIHHFS
2023-04-03 00:06:23.255393 - Found MXIHHSM.txt (text/plain) in CBT.V504.FILE409.PDS, moved to PDS/MXIHHSM
2023-04-03 00:06:23.256325 - Found MXIHHSMQ.txt (text/plain) in CBT.V504.FILE409.PDS, moved to PDS/MXIHHSMQ
2023-04-03 00:06:23.257190 - Found MXIHINIT.txt (text/plain) in CBT.V504.FILE409.PDS, moved to PDS/MXIHINIT
2023-04-03 00:06:23.258112 - Found MXIHIPL.txt (text/plain) in CBT.V504.FILE409.PDS, moved to PDS/MXIHIPL
2023-04-03 00:06:23.259072 - Found MXIHLINK.txt (text/plain) in CBT.V504.FILE409.PDS, moved to PDS/MXIHLINK
2023-04-03 00:06:23.260141 - Found MXIHLLA.txt (text/plain) in CBT.V504.FILE409.PDS, moved to PDS/MXIHLLA
2023-04-03 00:06:23.261572 - Found MXIHLLS.txt (text/plain) in CBT.V504.FILE409.PDS, moved to PDS/MXIHLLS
2023-04-03 00:06:23.262911 - Found MXIHLLSU.txt (text/plain) in CBT.V504.FILE409.PDS, moved to PDS/MXIHLLSU
2023-04-03 00:06:23.263962 - Found MXIHLOGR.txt (text/plain) in CBT.V504.FILE409.PDS, moved to PDS/MXIHLOGR
2023-04-03 00:06:23.265055 - Found MXIHLPA.txt (text/plain) in CBT.V504.FILE409.PDS, moved to PDS/MXIHLPA
2023-04-03 00:06:23.266229 - Found MXIHLPD.txt (text/plain) in CBT.V504.FILE409.PDS, moved to PDS/MXIHLPD
2023-04-03 00:06:23.267504 - Found MXIHLX.txt (text/plain) in CBT.V504.FILE409.PDS, moved to PDS/MXIHLX
2023-04-03 00:06:23.268536 - Found MXIHMAKE.txt (text/plain) in CBT.V504.FILE409.PDS, moved to PDS/MXIHMAKE
2023-04-03 00:06:23.269454 - Found MXIHMAP.txt (text/plain) in CBT.V504.FILE409.PDS, moved to PDS/MXIHMAP
2023-04-03 00:06:23.270365 - Found MXIHMCLS.txt (text/plain) in CBT.V504.FILE409.PDS, moved to PDS/MXIHMCLS
2023-04-03 00:06:23.271329 - Found MXIHMCS.txt (text/plain) in CBT.V504.FILE409.PDS, moved to PDS/MXIHMCS
2023-04-03 00:06:23.272420 - Found MXIHMDQ.txt (text/plain) in CBT.V504.FILE409.PDS, moved to PDS/MXIHMDQ
2023-04-03 00:06:23.273332 - Found MXIHMEM.txt (text/plain) in CBT.V504.FILE409.PDS, moved to PDS/MXIHMEM
2023-04-03 00:06:23.274251 - Found MXIHMENU.txt (text/plain) in CBT.V504.FILE409.PDS, moved to PDS/MXIHMENU
2023-04-03 00:06:23.275179 - Found MXIHMISC.txt (text/plain) in CBT.V504.FILE409.PDS, moved to PDS/MXIHMISC
2023-04-03 00:06:23.276100 - Found MXIHMPF.txt (text/plain) in CBT.V504.FILE409.PDS, moved to PDS/MXIHMPF
2023-04-03 00:06:23.276978 - Found MXIHMQ.txt (text/plain) in CBT.V504.FILE409.PDS, moved to PDS/MXIHMQ
2023-04-03 00:06:23.277881 - Found MXIHMQC.txt (text/plain) in CBT.V504.FILE409.PDS, moved to PDS/MXIHMQC
2023-04-03 00:06:23.278859 - Found MXIHMQCS.txt (text/plain) in CBT.V504.FILE409.PDS, moved to PDS/MXIHMQCS
2023-04-03 00:06:23.279915 - Found MXIHMQDA.txt (text/plain) in CBT.V504.FILE409.PDS, moved to PDS/MXIHMQDA
2023-04-03 00:06:23.280822 - Found MXIHMQQ.txt (text/plain) in CBT.V504.FILE409.PDS, moved to PDS/MXIHMQQ
2023-04-03 00:06:23.281734 - Found MXIHMQU.txt (text/plain) in CBT.V504.FILE409.PDS, moved to PDS/MXIHMQU
2023-04-03 00:06:23.282667 - Found MXIHNTOK.txt (text/plain) in CBT.V504.FILE409.PDS, moved to PDS/MXIHNTOK
2023-04-03 00:06:23.283665 - Found MXIHNUC.txt (text/plain) in CBT.V504.FILE409.PDS, moved to PDS/MXIHNUC
2023-04-03 00:06:23.284574 - Found MXIHOMVS.txt (text/plain) in CBT.V504.FILE409.PDS, moved to PDS/MXIHOMVS
2023-04-03 00:06:23.285504 - Found MXIHOP.txt (text/plain) in CBT.V504.FILE409.PDS, moved to PDS/MXIHOP
2023-04-03 00:06:23.286402 - Found MXIHPAGE.txt (text/plain) in CBT.V504.FILE409.PDS, moved to PDS/MXIHPAGE
2023-04-03 00:06:23.287330 - Found MXIHPARM.txt (text/plain) in CBT.V504.FILE409.PDS, moved to PDS/MXIHPARM
2023-04-03 00:06:23.288210 - Found MXIHPEEK.txt (text/plain) in CBT.V504.FILE409.PDS, moved to PDS/MXIHPEEK
2023-04-03 00:06:23.289159 - Found MXIHPID.txt (text/plain) in CBT.V504.FILE409.PDS, moved to PDS/MXIHPID
2023-04-03 00:06:23.290107 - Found MXIHPLEX.txt (text/plain) in CBT.V504.FILE409.PDS, moved to PDS/MXIHPLEX
2023-04-03 00:06:23.291142 - Found MXIHPPT.txt (text/plain) in CBT.V504.FILE409.PDS, moved to PDS/MXIHPPT
2023-04-03 00:06:23.292599 - Found MXIHPRT.txt (text/plain) in CBT.V504.FILE409.PDS, moved to PDS/MXIHPRT
2023-04-03 00:06:23.293536 - Found MXIHRACF.txt (text/plain) in CBT.V504.FILE409.PDS, moved to PDS/MXIHRACF
2023-04-03 00:06:23.294454 - Found MXIHRCLS.txt (text/plain) in CBT.V504.FILE409.PDS, moved to PDS/MXIHRCLS
2023-04-03 00:06:23.295415 - Found MXIHRL.txt (text/plain) in CBT.V504.FILE409.PDS, moved to PDS/MXIHRL
2023-04-03 00:06:23.296296 - Found MXIHRS.txt (text/plain) in CBT.V504.FILE409.PDS, moved to PDS/MXIHRS
2023-04-03 00:06:23.297179 - Found MXIHRSYS.txt (text/plain) in CBT.V504.FILE409.PDS, moved to PDS/MXIHRSYS
2023-04-03 00:06:23.298055 - Found MXIHSCLS.txt (text/plain) in CBT.V504.FILE409.PDS, moved to PDS/MXIHSCLS
2023-04-03 00:06:23.299127 - Found MXIHSET0.txt (text/plain) in CBT.V504.FILE409.PDS, moved to PDS/MXIHSET0
2023-04-03 00:06:23.300502 - Found MXIHSET1.txt (text/plain) in CBT.V504.FILE409.PDS, moved to PDS/MXIHSET1
2023-04-03 00:06:23.301510 - Found MXIHSET2.txt (text/plain) in CBT.V504.FILE409.PDS, moved to PDS/MXIHSET2
2023-04-03 00:06:23.302596 - Found MXIHSGRP.txt (text/plain) in CBT.V504.FILE409.PDS, moved to PDS/MXIHSGRP
2023-04-03 00:06:23.304048 - Found MXIHSMF.txt (text/plain) in CBT.V504.FILE409.PDS, moved to PDS/MXIHSMF
2023-04-03 00:06:23.305173 - Found MXIHSMFD.txt (text/plain) in CBT.V504.FILE409.PDS, moved to PDS/MXIHSMFD
2023-04-03 00:06:23.306193 - Found MXIHSMS.txt (text/plain) in CBT.V504.FILE409.PDS, moved to PDS/MXIHSMS
2023-04-03 00:06:23.307297 - Found MXIHSMSM.txt (text/plain) in CBT.V504.FILE409.PDS, moved to PDS/MXIHSMSM
2023-04-03 00:06:23.308318 - Found MXIHSOFT.txt (text/plain) in CBT.V504.FILE409.PDS, moved to PDS/MXIHSOFT
2023-04-03 00:06:23.309317 - Found MXIHSORT.txt (text/plain) in CBT.V504.FILE409.PDS, moved to PDS/MXIHSORT
2023-04-03 00:06:23.310276 - Found MXIHSP.txt (text/plain) in CBT.V504.FILE409.PDS, moved to PDS/MXIHSP
2023-04-03 00:06:23.311179 - Found MXIHSPD.txt (text/plain) in CBT.V504.FILE409.PDS, moved to PDS/MXIHSPD
2023-04-03 00:06:23.312771 - Found MXIHSRCH.txt (text/plain) in CBT.V504.FILE409.PDS, moved to PDS/MXIHSRCH
2023-04-03 00:06:23.313675 - Found MXIHSRVC.txt (text/plain) in CBT.V504.FILE409.PDS, moved to PDS/MXIHSRVC
2023-04-03 00:06:23.314594 - Found MXIHSSI.txt (text/plain) in CBT.V504.FILE409.PDS, moved to PDS/MXIHSSI
2023-04-03 00:06:23.315549 - Found MXIHSTOR.txt (text/plain) in CBT.V504.FILE409.PDS, moved to PDS/MXIHSTOR
2023-04-03 00:06:23.317016 - Found MXIHSVC.txt (text/plain) in CBT.V504.FILE409.PDS, moved to PDS/MXIHSVC
2023-04-03 00:06:23.318229 - Found MXIHSYM.txt (text/plain) in CBT.V504.FILE409.PDS, moved to PDS/MXIHSYM
2023-04-03 00:06:23.319586 - Found MXIHSYSX.txt (text/plain) in CBT.V504.FILE409.PDS, moved to PDS/MXIHSYSX
2023-04-03 00:06:23.320879 - Found MXIHTAPE.txt (text/plain) in CBT.V504.FILE409.PDS, moved to PDS/MXIHTAPE
2023-04-03 00:06:23.322103 - Found MXIHTCB.txt (text/plain) in CBT.V504.FILE409.PDS, moved to PDS/MXIHTCB
2023-04-03 00:06:23.323326 - Found MXIHTOC.txt (text/plain) in CBT.V504.FILE409.PDS, moved to PDS/MXIHTOC
2023-04-03 00:06:23.324301 - Found MXIHUCB.txt (text/plain) in CBT.V504.FILE409.PDS, moved to PDS/MXIHUCB
2023-04-03 00:06:23.325251 - Found MXIHUIC.txt (text/plain) in CBT.V504.FILE409.PDS, moved to PDS/MXIHUIC
2023-04-03 00:06:23.326768 - Found MXIHUSP.txt (text/plain) in CBT.V504.FILE409.PDS, moved to PDS/MXIHUSP
2023-04-03 00:06:23.327832 - Found MXIHVER.txt (text/plain) in CBT.V504.FILE409.PDS, moved to PDS/MXIHVER
2023-04-03 00:06:23.328753 - Found MXIHVMAP.txt (text/plain) in CBT.V504.FILE409.PDS, moved to PDS/MXIHVMAP
2023-04-03 00:06:23.329636 - Found MXIHWLM.txt (text/plain) in CBT.V504.FILE409.PDS, moved to PDS/MXIHWLM
2023-04-03 00:06:23.330545 - Found MXIHWLMA.txt (text/plain) in CBT.V504.FILE409.PDS, moved to PDS/MXIHWLMA
2023-04-03 00:06:23.331502 - Found MXIHWLMC.txt (text/plain) in CBT.V504.FILE409.PDS, moved to PDS/MXIHWLMC
2023-04-03 00:06:23.332620 - Found MXIHWLMG.txt (text/plain) in CBT.V504.FILE409.PDS, moved to PDS/MXIHWLMG
2023-04-03 00:06:23.333522 - Found MXIHWLMS.txt (text/plain) in CBT.V504.FILE409.PDS, moved to PDS/MXIHWLMS
2023-04-03 00:06:23.334423 - Found MXIHWTOR.txt (text/plain) in CBT.V504.FILE409.PDS, moved to PDS/MXIHWTOR
2023-04-03 00:06:23.335394 - Found MXIHXCFM.txt (text/plain) in CBT.V504.FILE409.PDS, moved to PDS/MXIHXCFM
2023-04-03 00:06:23.336299 - Found MXIHXCFS.txt (text/plain) in CBT.V504.FILE409.PDS, moved to PDS/MXIHXCFS
2023-04-03 00:06:23.337221 - Found MXIHXM.txt (text/plain) in CBT.V504.FILE409.PDS, moved to PDS/MXIHXM
2023-04-03 00:06:23.338112 - Found MXIHZAP.txt (text/plain) in CBT.V504.FILE409.PDS, moved to PDS/MXIHZAP
2023-04-03 00:06:23.339052 - Found MXIMENU.txt (text/plain) in CBT.V504.FILE409.PDS, moved to PDS/MXIMENU
2023-04-03 00:06:23.340561 - Found MXIMEN00.txt (text/plain) in CBT.V504.FILE409.PDS, moved to PDS/MXIMEN00
2023-04-03 00:06:23.341493 - Found MXIOPTD.txt (text/plain) in CBT.V504.FILE409.PDS, moved to PDS/MXIOPTD
2023-04-03 00:06:23.342395 - Found MXIOPTL.txt (text/plain) in CBT.V504.FILE409.PDS, moved to PDS/MXIOPTL
2023-04-03 00:06:23.343350 - Found MXIOPTN.txt (text/plain) in CBT.V504.FILE409.PDS, moved to PDS/MXIOPTN
2023-04-03 00:06:23.343363 - Found MXIOPTS.bin containing application/octet-stream, moved to PDS/MXIOPTS
2023-04-03 00:06:23.345290 - Found MXIPANEL.txt (text/plain) in CBT.V504.FILE409.PDS, moved to PDS/MXIPANEL
2023-04-03 00:06:23.346204 - Found MXIPANE2.txt (text/plain) in CBT.V504.FILE409.PDS, moved to PDS/MXIPANE2
2023-04-03 00:06:23.347162 - Found MXIPMAKE.txt (text/plain) in CBT.V504.FILE409.PDS, moved to PDS/MXIPMAKE
2023-04-03 00:06:23.348314 - Found MXIPMSG.txt (text/plain) in CBT.V504.FILE409.PDS, moved to PDS/MXIPMSG
2023-04-03 00:06:23.349237 - Found MXIPOCMD.txt (text/plain) in CBT.V504.FILE409.PDS, moved to PDS/MXIPOCMD
2023-04-03 00:06:23.350136 - Found MXIPPEEK.txt (text/plain) in CBT.V504.FILE409.PDS, moved to PDS/MXIPPEEK
2023-04-03 00:06:23.351034 - Found MXIPRL.txt (text/plain) in CBT.V504.FILE409.PDS, moved to PDS/MXIPRL
2023-04-03 00:06:23.351957 - Found MXIRULE.txt (text/plain) in CBT.V504.FILE409.PDS, moved to PDS/MXIRULE
2023-04-03 00:06:23.353247 - Found MXIS.txt (text/plain) in CBT.V504.FILE409.PDS, moved to PDS/MXIS
2023-04-03 00:06:23.354231 - Found MXISECTB.txt (text/plain) in CBT.V504.FILE409.PDS, moved to PDS/MXISECTB
2023-04-03 00:06:23.355221 - Found MXISECX1.txt (text/plain) in CBT.V504.FILE409.PDS, moved to PDS/MXISECX1
2023-04-03 00:06:23.356167 - Found MXISERV.txt (text/plain) in CBT.V504.FILE409.PDS, moved to PDS/MXISERV
2023-04-03 00:06:23.357140 - Found MXISRV00.txt (text/plain) in CBT.V504.FILE409.PDS, moved to PDS/MXISRV00
2023-04-03 00:06:23.358078 - Found MXITSO.rexx (text/plain) in CBT.V504.FILE409.PDS, moved to PDS/MXITSO
2023-04-03 00:06:23.359053 - Found MXIXPT00.txt (text/plain) in CBT.V504.FILE409.PDS, moved to PDS/MXIXPT00
2023-04-03 00:06:23.359989 - Found MXLS.txt (text/plain) in CBT.V504.FILE409.PDS, moved to PDS/MXLS
2023-04-03 00:06:23.360945 - Found MXSMFREC.txt (text/plain) in CBT.V504.FILE409.PDS, moved to PDS/MXSMFREC
2023-04-03 00:06:23.362106 - Found MX88.txt (text/plain) in CBT.V504.FILE409.PDS, moved to PDS/MX88
2023-04-03 00:06:23.362375 - No @FILExxx or @FILxxxx detected, creating README.md without extra info
